<?xml version="1.0" encoding="UTF-8"?>
<!-- Generated by org.testng.reporters.JUnitXMLReporter -->
<testsuite hostname="abhi-PC" ignored="0" name="Test Cases" tests="5" failures="0" timestamp="05 Nov 2019 15:15:31 GMT" time="133.959" errors="0">
  <testcase name="getLogin" time="5.429" classname="com.seleniumPOM.testcases.LoginTest"/>
  <testcase name="getLogin" time="1.496" classname="com.seleniumPOM.testcases.HomePageTest"/>
  <testcase name="verifyFlashText" time="1.832" classname="com.seleniumPOM.testcases.HomePageTest"/>
  <testcase name="verifyMessageText" time="1.319" classname="com.seleniumPOM.testcases.HomePageTest"/>
  <testcase name="logout" time="2.01" classname="com.seleniumPOM.testcases.HomePageTest"/>
</testsuite> <!-- Test Cases -->
