<?xml version="1.0" encoding="UTF-8"?>
<!-- Generated by org.testng.reporters.JUnitXMLReporter -->
<testsuite hostname="abhi-PC" name="Test Cases" tests="5" failures="0" timestamp="6 Oct 2019 05:49:57 GMT" time="130.07" errors="0">
  <testcase name="getLogin" time="1.839" classname="com.seleniumPOM.testcases.LoginTest"/>
  <testcase name="getLogin" time="1.474" classname="com.seleniumPOM.testcases.HomePageTest"/>
  <testcase name="verifyFlashText" time="1.411" classname="com.seleniumPOM.testcases.HomePageTest"/>
  <testcase name="verifyMessageText" time="1.541" classname="com.seleniumPOM.testcases.HomePageTest"/>
  <testcase name="logout" time="2.569" classname="com.seleniumPOM.testcases.HomePageTest"/>
</testsuite> <!-- Test Cases -->
