<?xml version="1.0" encoding="UTF-8"?>
<!-- Generated by org.testng.reporters.JUnitXMLReporter -->
<testsuite hostname="abhi-PC" ignored="0" name="Surefire test" tests="5" failures="0" timestamp="05 Nov 2019 14:03:10 GMT" time="303.587" errors="0">
  <testcase name="getLogin" time="3.82" classname="com.seleniumPOM.testcases.LoginTest"/>
  <testcase name="getLogin" time="1.81" classname="com.seleniumPOM.testcases.HomePageTest"/>
  <testcase name="verifyFlashText" time="12.188" classname="com.seleniumPOM.testcases.HomePageTest"/>
  <testcase name="verifyMessageText" time="10.475" classname="com.seleniumPOM.testcases.HomePageTest"/>
  <testcase name="logout" time="8.721" classname="com.seleniumPOM.testcases.HomePageTest"/>
</testsuite> <!-- Surefire test -->
