<?xml version="1.0" encoding="UTF-8"?>
<!-- Generated by org.testng.reporters.JUnitXMLReporter -->
<testsuite hostname="abhi-PC" name="Default test" tests="4" failures="0" timestamp="17 Nov 2019 09:20:40 GMT" time="59.685" errors="0">
  <testcase name="getLogin" time="1.935" classname="com.seleniumPOM.testcases.HomePageTest"/>
  <testcase name="verifyFlashText" time="1.535" classname="com.seleniumPOM.testcases.HomePageTest"/>
  <testcase name="verifyMessageText" time="1.338" classname="com.seleniumPOM.testcases.HomePageTest"/>
  <testcase name="logout" time="2.205" classname="com.seleniumPOM.testcases.HomePageTest"/>
</testsuite> <!-- Default test -->
