<?xml version="1.0" encoding="UTF-8"?>
<!-- Generated by org.testng.reporters.JUnitXMLReporter -->
<testsuite hostname="abhi-PC" name="Test" tests="5" failures="0" timestamp="17 Nov 2019 09:05:17 GMT" time="75.219" errors="0">
  <testcase name="getLogin" time="1.711" classname="com.seleniumPOM.testcases.LoginTest"/>
  <testcase name="getLogin" time="1.378" classname="com.seleniumPOM.testcases.HomePageTest"/>
  <testcase name="verifyFlashText" time="1.545" classname="com.seleniumPOM.testcases.HomePageTest"/>
  <testcase name="verifyMessageText" time="1.353" classname="com.seleniumPOM.testcases.HomePageTest"/>
  <testcase name="logout" time="2.192" classname="com.seleniumPOM.testcases.HomePageTest"/>
</testsuite> <!-- Test -->
