<?xml version="1.0" encoding="UTF-8"?>
<testsuite xmlns:xsi="http://www.w3.org/2001/XMLSchema-instance" xsi:noNamespaceSchemaLocation="https://maven.apache.org/surefire/maven-surefire-plugin/xsd/surefire-test-report.xsd" name="TestSuite" time="135.906" tests="5" errors="0" skipped="0" failures="0">
  <properties>
[...]
</properties>
  <testcase name="getLogin" classname="com.seleniumPOM.testcases.LoginTest" time="5.579"/>
  <testcase name="getLogin" classname="com.seleniumPOM.testcases.HomePageTest" time="1.496"/>
  <testcase name="verifyFlashText" classname="com.seleniumPOM.testcases.HomePageTest" time="1.831"/>
  <testcase name="verifyMessageText" classname="com.seleniumPOM.testcases.HomePageTest" time="1.319"/>
  <testcase name="logout" classname="com.seleniumPOM.testcases.HomePageTest" time="2.009"/>
</testsuite>