<?xml version="1.0" encoding="UTF-8"?>
<testng-results skipped="0" failed="0" ignored="0" total="5" passed="5">
  <reporter-output>
  </reporter-output>
  <suite name="Test Automation Suite" duration-ms="133959" started-at="2019-11-05T15:13:17Z" finished-at="2019-11-05T15:15:31Z">
    <groups>
    </groups>
    <test name="Test Cases" duration-ms="133959" started-at="2019-11-05T15:13:17Z" finished-at="2019-11-05T15:15:31Z">
      <class name="com.seleniumPOM.testcases.LoginTest">
        <test-method status="PASS" signature="setUp()[pri:0, instance:com.seleniumPOM.testcases.LoginTest@15f7ae5]" name="setUp" is-config="true" duration-ms="36879" started-at="2019-11-05T20:43:17Z" finished-at="2019-11-05T20:43:54Z">
          <reporter-output>
          </reporter-output>
        </test-method> <!-- setUp -->
        <test-method status="PASS" signature="getLogin()[pri:0, instance:com.seleniumPOM.testcases.LoginTest@15f7ae5]" name="getLogin" duration-ms="5429" started-at="2019-11-05T20:43:54Z" finished-at="2019-11-05T20:43:59Z">
          <reporter-output>
          </reporter-output>
        </test-method> <!-- getLogin -->
        <test-method status="PASS" signature="tearDown()[pri:0, instance:com.seleniumPOM.testcases.LoginTest@15f7ae5]" name="tearDown" is-config="true" duration-ms="1507" started-at="2019-11-05T20:43:59Z" finished-at="2019-11-05T20:44:01Z">
          <reporter-output>
          </reporter-output>
        </test-method> <!-- tearDown -->
      </class> <!-- com.seleniumPOM.testcases.LoginTest -->
      <class name="com.seleniumPOM.testcases.HomePageTest">
        <test-method status="PASS" signature="setUp()[pri:0, instance:com.seleniumPOM.testcases.HomePageTest@bc464]" name="setUp" is-config="true" duration-ms="35724" started-at="2019-11-05T20:44:01Z" finished-at="2019-11-05T20:44:37Z">
          <reporter-output>
          </reporter-output>
        </test-method> <!-- setUp -->
        <test-method status="PASS" signature="getLogin()[pri:1, instance:com.seleniumPOM.testcases.HomePageTest@bc464]" name="getLogin" duration-ms="1496" started-at="2019-11-05T20:44:37Z" finished-at="2019-11-05T20:44:38Z">
          <reporter-output>
          </reporter-output>
        </test-method> <!-- getLogin -->
        <test-method status="PASS" signature="tearDown()[pri:0, instance:com.seleniumPOM.testcases.HomePageTest@bc464]" name="tearDown" is-config="true" duration-ms="1502" started-at="2019-11-05T20:44:38Z" finished-at="2019-11-05T20:44:40Z">
          <reporter-output>
          </reporter-output>
        </test-method> <!-- tearDown -->
        <test-method status="PASS" signature="setUp()[pri:0, instance:com.seleniumPOM.testcases.HomePageTest@bc464]" name="setUp" is-config="true" duration-ms="12422" started-at="2019-11-05T20:44:40Z" finished-at="2019-11-05T20:44:52Z">
          <reporter-output>
          </reporter-output>
        </test-method> <!-- setUp -->
        <test-method status="PASS" signature="verifyFlashText()[pri:2, instance:com.seleniumPOM.testcases.HomePageTest@bc464]" name="verifyFlashText" duration-ms="1832" started-at="2019-11-05T20:44:52Z" finished-at="2019-11-05T20:44:54Z">
          <reporter-output>
          </reporter-output>
        </test-method> <!-- verifyFlashText -->
        <test-method status="PASS" signature="tearDown()[pri:0, instance:com.seleniumPOM.testcases.HomePageTest@bc464]" name="tearDown" is-config="true" duration-ms="1553" started-at="2019-11-05T20:44:54Z" finished-at="2019-11-05T20:44:55Z">
          <reporter-output>
          </reporter-output>
        </test-method> <!-- tearDown -->
        <test-method status="PASS" signature="setUp()[pri:0, instance:com.seleniumPOM.testcases.HomePageTest@bc464]" name="setUp" is-config="true" duration-ms="21062" started-at="2019-11-05T20:44:55Z" finished-at="2019-11-05T20:45:16Z">
          <reporter-output>
          </reporter-output>
        </test-method> <!-- setUp -->
        <test-method status="PASS" signature="verifyMessageText()[pri:3, instance:com.seleniumPOM.testcases.HomePageTest@bc464]" name="verifyMessageText" duration-ms="1319" started-at="2019-11-05T20:45:16Z" finished-at="2019-11-05T20:45:18Z">
          <reporter-output>
          </reporter-output>
        </test-method> <!-- verifyMessageText -->
        <test-method status="PASS" signature="tearDown()[pri:0, instance:com.seleniumPOM.testcases.HomePageTest@bc464]" name="tearDown" is-config="true" duration-ms="952" started-at="2019-11-05T20:45:18Z" finished-at="2019-11-05T20:45:19Z">
          <reporter-output>
          </reporter-output>
        </test-method> <!-- tearDown -->
        <test-method status="PASS" signature="setUp()[pri:0, instance:com.seleniumPOM.testcases.HomePageTest@bc464]" name="setUp" is-config="true" duration-ms="9135" started-at="2019-11-05T20:45:19Z" finished-at="2019-11-05T20:45:28Z">
          <reporter-output>
          </reporter-output>
        </test-method> <!-- setUp -->
        <test-method status="PASS" signature="logout()[pri:4, instance:com.seleniumPOM.testcases.HomePageTest@bc464]" name="logout" duration-ms="2010" started-at="2019-11-05T20:45:28Z" finished-at="2019-11-05T20:45:30Z">
          <reporter-output>
          </reporter-output>
        </test-method> <!-- logout -->
        <test-method status="PASS" signature="tearDown()[pri:0, instance:com.seleniumPOM.testcases.HomePageTest@bc464]" name="tearDown" is-config="true" duration-ms="1080" started-at="2019-11-05T20:45:30Z" finished-at="2019-11-05T20:45:31Z">
          <reporter-output>
          </reporter-output>
        </test-method> <!-- tearDown -->
      </class> <!-- com.seleniumPOM.testcases.HomePageTest -->
    </test> <!-- Test Cases -->
  </suite> <!-- Test Automation Suite -->
</testng-results>
