<?xml version="1.0" encoding="UTF-8"?>
<testng-results skipped="0" failed="0" total="1" passed="1">
  <reporter-output>
  </reporter-output>
  <suite name="Default suite" duration-ms="91" started-at="2019-11-17T13:18:04Z" finished-at="2019-11-17T13:18:04Z">
    <groups>
    </groups>
    <test name="Default test" duration-ms="91" started-at="2019-11-17T13:18:04Z" finished-at="2019-11-17T13:18:04Z">
      <class name="com.seleniumPOM.utilities.DataValidation">
        <test-method status="PASS" signature="test()[pri:0, instance:com.seleniumPOM.utilities.DataValidation@1c7db30]" name="test" duration-ms="41" started-at="2019-11-17T18:48:04Z" finished-at="2019-11-17T18:48:04Z">
          <reporter-output>
          </reporter-output>
        </test-method> <!-- test -->
      </class> <!-- com.seleniumPOM.utilities.DataValidation -->
    </test> <!-- Default test -->
  </suite> <!-- Default suite -->
</testng-results>
