<?xml version="1.0" encoding="UTF-8"?>
<!-- Generated by org.testng.reporters.JUnitReportReporter -->
<testsuite hostname="abhi-PC" name="com.seleniumPOM.testcases.HomePageTest" tests="4" failures="0" timestamp="17 Nov 2019 09:20:40 GMT" time="59.641" errors="0">
  <testcase name="getLogin" time="13.384" classname="com.seleniumPOM.testcases.HomePageTest"/>
  <testcase name="verifyMessageText" time="15.516" classname="com.seleniumPOM.testcases.HomePageTest"/>
  <testcase name="logout" time="14.435" classname="com.seleniumPOM.testcases.HomePageTest"/>
  <testcase name="verifyFlashText" time="16.306" classname="com.seleniumPOM.testcases.HomePageTest"/>
</testsuite> <!-- com.seleniumPOM.testcases.HomePageTest -->
